<?xml version="1.0" encoding="UTF-8"?>
<testng-results ignored="0" total="2" passed="2" failed="0" skipped="0">
  <reporter-output>
  </reporter-output>
  <suite started-at="2021-05-11T19:53:27 IST" name="All Test Suite" finished-at="2021-05-11T19:53:29 IST" duration-ms="2358">
    <groups>
    </groups>
    <test started-at="2021-05-11T19:53:27 IST" name="APIReqres" finished-at="2021-05-11T19:53:29 IST" duration-ms="2358">
      <class name="Basic">
        <test-method is-config="true" signature="setup()[pri:0, instance:Basic@42607a4f]" started-at="2021-05-11T19:53:27 IST" name="setup" finished-at="2021-05-11T19:53:27 IST" duration-ms="8" status="PASS">
          <reporter-output>
          </reporter-output>
        </test-method> <!-- setup -->
        <test-method signature="testGetRequest()[pri:0, instance:Basic@42607a4f]" started-at="2021-05-11T19:53:27 IST" name="testGetRequest" finished-at="2021-05-11T19:53:29 IST" duration-ms="2323" status="PASS">
          <reporter-output>
          </reporter-output>
        </test-method> <!-- testGetRequest -->
        <test-method signature="testPutRequest()[pri:0, instance:Basic@42607a4f]" started-at="2021-05-11T19:53:27 IST" name="testPutRequest" finished-at="2021-05-11T19:53:29 IST" duration-ms="2323" status="PASS">
          <reporter-output>
          </reporter-output>
        </test-method> <!-- testPutRequest -->
      </class> <!-- Basic -->
    </test> <!-- APIReqres -->
  </suite> <!-- All Test Suite -->
</testng-results>
