<?xml version="1.0" encoding="UTF-8"?>
<!-- Generated by org.testng.reporters.JUnitXMLReporter -->
<testsuite ignored="0" hostname="Rakeshs-MacBook-Pro.local" failures="0" tests="3" name="Jsom mock" time="7.712" errors="0" timestamp="2021-05-18T16:45:28 IST">
  <testcase classname="tests.TestProfiles" name="verifyAddNewProfile" time="7.587"/>
  <testcase classname="tests.TestComments" name="verifyAddAndEditComment" time="7.584"/>
  <testcase classname="tests.TestPosts" name="verifyAddNewProfile" time="7.601"/>
</testsuite> <!-- Jsom mock -->
