<?xml version="1.0" encoding="UTF-8"?>
<testsuite xmlns:xsi="http://www.w3.org/2001/XMLSchema-instance" xsi:noNamespaceSchemaLocation="https://maven.apache.org/surefire/maven-surefire-plugin/xsd/surefire-test-report-3.0.xsd" version="3.0" name="TestSuite" time="9.084" tests="3" errors="0" skipped="0" failures="0">
  <properties>
[...]
</properties>
  <testcase name="verifyAddAndEditComment" classname="tests.TestComments" time="2.532"/>
  <testcase name="verifyAddNewProfile" classname="tests.TestProfiles" time="2.534"/>
  <testcase name="verifyAddNewProfile" classname="tests.TestPosts" time="2.534"/>
</testsuite>