<?xml version="1.0" encoding="UTF-8"?>
<testng-results ignored="0" total="3" passed="3" failed="0" skipped="0">
  <reporter-output>
  </reporter-output>
  <suite started-at="2021-05-18T16:45:20 IST" name="API Tests" finished-at="2021-05-18T16:45:28 IST" duration-ms="7712">
    <groups>
    </groups>
    <test started-at="2021-05-18T16:45:20 IST" name="Jsom mock" finished-at="2021-05-18T16:45:28 IST" duration-ms="7712">
      <class name="tests.TestComments">
        <test-method signature="verifyAddAndEditComment(java.lang.Integer, java.lang.String, java.lang.Integer)[pri:0, instance:tests.TestComments@bae47a0]" started-at="2021-05-18T16:45:20 IST" name="verifyAddAndEditComment" data-provider="verifyAddAndEditComment" finished-at="2021-05-18T16:45:28 IST" duration-ms="7584" status="PASS">
          <params>
            <param index="0">
              <value>
                <![CDATA[415]]>
              </value>
            </param>
            <param index="1">
              <value>
                <![CDATA[This is a comment]]>
              </value>
            </param>
            <param index="2">
              <value>
                <![CDATA[1]]>
              </value>
            </param>
          </params>
          <reporter-output>
          </reporter-output>
        </test-method> <!-- verifyAddAndEditComment -->
      </class> <!-- tests.TestComments -->
      <class name="tests.TestProfiles">
        <test-method signature="verifyAddNewProfile(java.lang.String, java.lang.Integer)[pri:0, instance:tests.TestProfiles@3b65e559]" started-at="2021-05-18T16:45:20 IST" name="verifyAddNewProfile" data-provider="verifyAddNewProfile" finished-at="2021-05-18T16:45:28 IST" duration-ms="7587" status="PASS">
          <params>
            <param index="0">
              <value>
                <![CDATA[Tester359]]>
              </value>
            </param>
            <param index="1">
              <value>
                <![CDATA[546]]>
              </value>
            </param>
          </params>
          <reporter-output>
          </reporter-output>
        </test-method> <!-- verifyAddNewProfile -->
      </class> <!-- tests.TestProfiles -->
      <class name="tests.TestPosts">
        <test-method signature="verifyAddNewProfile(java.lang.Integer, java.lang.String, java.lang.String)[pri:0, instance:tests.TestPosts@64b31700]" started-at="2021-05-18T16:45:20 IST" name="verifyAddNewProfile" data-provider="verifyAddNewPost" finished-at="2021-05-18T16:45:28 IST" duration-ms="7601" status="PASS">
          <params>
            <param index="0">
              <value>
                <![CDATA[782]]>
              </value>
            </param>
            <param index="1">
              <value>
                <![CDATA[This test is to verify post]]>
              </value>
            </param>
            <param index="2">
              <value>
                <![CDATA[Tester]]>
              </value>
            </param>
          </params>
          <reporter-output>
          </reporter-output>
        </test-method> <!-- verifyAddNewProfile -->
      </class> <!-- tests.TestPosts -->
    </test> <!-- Jsom mock -->
  </suite> <!-- API Tests -->
</testng-results>
